<?xml version="1.0" encoding="UTF-8"?>
<!-- Generated by org.testng.reporters.JUnitReportReporter -->
<testsuite hostname="LAPTOP-IQQU6VUL" failures="0" tests="1" name="tests.CheckoutTestInvalid" time="15.343" errors="0" timestamp="2025-03-24T14:30:24 IST" skipped="0">
  <testcase classname="tests.CheckoutTestInvalid" name="testCheckout_InvalidData" time="15.343"/>
  <system-out/>
</testsuite> <!-- tests.CheckoutTestInvalid -->
