<?xml version="1.0" encoding="UTF-8"?>
<!-- Generated by org.testng.reporters.JUnitReportReporter -->
<testsuite hostname="LAPTOP-IQQU6VUL" failures="0" tests="2" name="tests.PetTest" time="7.902" errors="0" timestamp="2025-03-24T01:44:53 IST" skipped="1">
  <testcase classname="tests.PetTest" name="testSearchAndAddToCart_ExcelFile" time="7.902"/>
  <system-out/>
  <testcase classname="tests.PetTest" name="testSearchAndAddToCart_PropertiesFile">
    <skipped/>
  </testcase> <!-- testSearchAndAddToCart_PropertiesFile -->
  <system-out/>
</testsuite> <!-- tests.PetTest -->
