<?xml version="1.0" encoding="UTF-8"?>
<!-- Generated by org.testng.reporters.JUnitReportReporter -->
<testsuite hostname="LAPTOP-IQQU6VUL" failures="0" tests="1" name="runner.LogoutRunner" time="9.641" errors="0" timestamp="2025-03-24T01:21:25 IST" skipped="0">
  <testcase classname="runner.LogoutRunner" name="runScenario" time="9.641"/>
  <system-out/>
</testsuite> <!-- runner.LogoutRunner -->
