<?xml version="1.0" encoding="UTF-8"?>
<!-- Generated by org.testng.reporters.JUnitReportReporter -->
<testsuite hostname="LAPTOP-IQQU6VUL" failures="0" tests="2" name="tests.CartTest" time="15.206" errors="0" timestamp="2025-03-22T22:39:40 IST" skipped="1">
  <testcase classname="tests.CartTest" name="testAddMultipleProductsToCart_ExcelFile" time="15.206"/>
  <system-out/>
  <testcase classname="tests.CartTest" name="testAddMultipleProductsToCart_PropertiesFile">
    <skipped/>
  </testcase> <!-- testAddMultipleProductsToCart_PropertiesFile -->
  <system-out/>
</testsuite> <!-- tests.CartTest -->
