<?xml version="1.0" encoding="UTF-8"?>
<!-- Generated by org.testng.reporters.JUnitReportReporter -->
<testsuite hostname="LAPTOP-IQQU6VUL" failures="0" tests="4" name="runner.LoginRunner" time="27.677" errors="0" timestamp="2025-03-21T02:50:41 IST" skipped="0">
  <testcase classname="runner.LoginRunner" name="runScenario" time="4.860"/>
  <system-out/>
  <testcase classname="runner.LoginRunner" name="runScenario" time="11.540"/>
  <system-out/>
  <testcase classname="runner.LoginRunner" name="runScenario" time="5.118"/>
  <system-out/>
  <testcase classname="runner.LoginRunner" name="runScenario" time="6.159"/>
  <system-out/>
</testsuite> <!-- runner.LoginRunner -->
