<?xml version="1.0" encoding="UTF-8"?>
<!-- Generated by org.testng.reporters.JUnitReportReporter -->
<testsuite hostname="LAPTOP-IQQU6VUL" failures="0" tests="1" name="tests.RemoveCartTest" time="30.622" errors="0" timestamp="2025-03-24T13:01:21 IST" skipped="0">
  <testcase classname="tests.RemoveCartTest" name="testRemoveProducts" time="30.622"/>
  <system-out/>
</testsuite> <!-- tests.RemoveCartTest -->
