<?xml version="1.0" encoding="UTF-8"?>
<!-- Generated by org.testng.reporters.JUnitReportReporter -->
<testsuite hostname="LAPTOP-IQQU6VUL" failures="0" tests="4" name="tests.PetTest" time="42.566" errors="0" timestamp="2025-03-21T02:31:44 IST" skipped="2">
  <testcase classname="tests.PetTest" name="testSearchAndAddToCart_PropertiesFile" time="20.670"/>
  <system-out/>
  <testcase classname="tests.PetTest" name="testSearchAndAddToCart_PropertiesFile" time="21.896"/>
  <system-out/>
  <testcase classname="tests.PetTest" name="testSearchAndAddToCart_ExcelData">
    <skipped/>
  </testcase> <!-- testSearchAndAddToCart_ExcelData -->
  <system-out/>
  <testcase classname="tests.PetTest" name="testSearchAndAddToCart_ExcelData">
    <skipped/>
  </testcase> <!-- testSearchAndAddToCart_ExcelData -->
  <system-out/>
</testsuite> <!-- tests.PetTest -->
