<?xml version="1.0" encoding="UTF-8"?>
<!-- Generated by org.testng.reporters.JUnitReportReporter -->
<testsuite hostname="LAPTOP-IQQU6VUL" failures="0" tests="1" name="tests.CheckoutTestValid" time="14.878" errors="0" timestamp="2025-03-24T14:26:58 IST" skipped="0">
  <testcase classname="tests.CheckoutTestValid" name="testCheckout_ValidData" time="14.878"/>
  <system-out/>
</testsuite> <!-- tests.CheckoutTestValid -->
