<?xml version="1.0" encoding="UTF-8"?>
<!-- Generated by org.testng.reporters.JUnitReportReporter -->
<testsuite hostname="LAPTOP-IQQU6VUL" failures="0" tests="1" name="tests.CheckoutTestValid" time="13.684" errors="0" timestamp="2025-03-24T00:50:16 IST" skipped="0">
  <testcase classname="tests.CheckoutTestValid" name="testCheckout_ValidData" time="13.684"/>
  <system-out/>
</testsuite> <!-- tests.CheckoutTestValid -->
