<?xml version="1.0" encoding="UTF-8"?>
<!-- Generated by org.testng.reporters.JUnitReportReporter -->
<testsuite hostname="LAPTOP-IQQU6VUL" failures="0" tests="4" name="runner.LoginRunner" time="27.350" errors="0" timestamp="2025-03-23T01:14:05 IST" skipped="0">
  <testcase classname="runner.LoginRunner" name="runScenario" time="10.555"/>
  <system-out/>
  <testcase classname="runner.LoginRunner" name="runScenario" time="6.367"/>
  <system-out/>
  <testcase classname="runner.LoginRunner" name="runScenario" time="4.553"/>
  <system-out/>
  <testcase classname="runner.LoginRunner" name="runScenario" time="5.875"/>
  <system-out/>
</testsuite> <!-- runner.LoginRunner -->
