<?xml version="1.0" encoding="UTF-8"?>
<!-- Generated by org.testng.reporters.JUnitReportReporter -->
<testsuite hostname="LAPTOP-IQQU6VUL" failures="0" tests="1" name="tests.CheckoutTestInvalid" time="22.297" errors="0" timestamp="2025-03-24T00:25:40 IST" skipped="0">
  <testcase classname="tests.CheckoutTestInvalid" name="testCheckout_InvalidData" time="22.297"/>
  <system-out/>
</testsuite> <!-- tests.CheckoutTestInvalid -->
